# JRE version: Java(TM) SE Runtime Environment (8.0_31-b13) (build 1.8.0_31-b13)
# Java VM: Java HotSpot(TM) 64-Bit Server VM (25.31-b07 mixed mode windows-amd64 compressed oops)
Heap:
 PSYoungGen      total 202240K, used 202233K [0x00000000d5580000, 0x00000000e6e00000, 0x0000000100000000)
  eden space 156160K, 100% used [0x00000000d5580000,0x00000000dee00000,0x00000000dee00000)
  from space 46080K, 99% used [0x00000000e2180000,0x00000000e4e7e758,0x00000000e4e80000)
  to   space 52736K, 71% used [0x00000000dee00000,0x00000000e12d1ea0,0x00000000e2180000)
 ParOldGen       total 199168K, used 41864K [0x0000000080000000, 0x000000008c280000, 0x00000000d5580000)
  object space 199168K, 21% used [0x0000000080000000,0x00000000828e21f0,0x000000008c280000)
 Metaspace       used 75511K, capacity 77034K, committed 77184K, reserved 1116160K
  class space    used 9528K, capacity 10013K, committed 10112K, reserved 1048576K
GC Heap History (10 events):
Event: 722.444 GC heap after
Heap after GC invocations=17 (full 3):
 PSYoungGen      total 197120K, used 17515K [0x00000000d5580000, 0x00000000e4e00000, 0x0000000100000000)
  eden space 174592K, 0% used [0x00000000d5580000,0x00000000d5580000,0x00000000e0000000)
  from space 22528K, 77% used [0x00000000e3800000,0x00000000e491ace0,0x00000000e4e00000)
  to   space 39936K, 0% used [0x00000000e0000000,0x00000000e0000000,0x00000000e2700000)
 ParOldGen       total 199168K, used 41109K [0x0000000080000000, 0x000000008c280000, 0x00000000d5580000)
  object space 199168K, 20% used [0x0000000080000000,0x0000000082825668,0x000000008c280000)
 Metaspace       used 59428K, capacity 60732K, committed 61056K, reserved 1101824K
  class space    used 7865K, capacity 8226K, committed 8320K, reserved 1048576K
}
Event: 723.877 GC heap before
{Heap before GC invocations=18 (full 3):
 PSYoungGen      total 197120K, used 192107K [0x00000000d5580000, 0x00000000e4e00000, 0x0000000100000000)
  eden space 174592K, 100% used [0x00000000d5580000,0x00000000e0000000,0x00000000e0000000)
  from space 22528K, 77% used [0x00000000e3800000,0x00000000e491ace0,0x00000000e4e00000)
  to   space 39936K, 0% used [0x00000000e0000000,0x00000000e0000000,0x00000000e2700000)
 ParOldGen       total 199168K, used 41109K [0x0000000080000000, 0x000000008c280000, 0x00000000d5580000)
  object space 199168K, 20% used [0x0000000080000000,0x0000000082825668,0x000000008c280000)
 Metaspace       used 63331K, capacity 64842K, committed 65024K, reserved 1105920K
  class space    used 8458K, capacity 8939K, committed 8960K, reserved 1048576K
Event: 723.893 GC heap after
Heap after GC invocations=18 (full 3):
 PSYoungGen      total 201216K, used 30466K [0x00000000d5580000, 0x00000000e4f00000, 0x0000000100000000)
  eden space 170496K, 0% used [0x00000000d5580000,0x00000000d5580000,0x00000000dfc00000)
  from space 30720K, 99% used [0x00000000e0000000,0x00000000e1dc0a68,0x00000000e1e00000)
  to   space 42496K, 0% used [0x00000000e2580000,0x00000000e2580000,0x00000000e4f00000)
 ParOldGen       total 199168K, used 41117K [0x0000000080000000, 0x000000008c280000, 0x00000000d5580000)
  object space 199168K, 20% used [0x0000000080000000,0x0000000082827668,0x000000008c280000)
 Metaspace       used 63331K, capacity 64842K, committed 65024K, reserved 1105920K
  class space    used 8458K, capacity 8939K, committed 8960K, reserved 1048576K
}
Event: 725.851 GC heap before
{Heap before GC invocations=19 (full 3):
 PSYoungGen      total 201216K, used 200962K [0x00000000d5580000, 0x00000000e4f00000, 0x0000000100000000)
  eden space 170496K, 100% used [0x00000000d5580000,0x00000000dfc00000,0x00000000dfc00000)
  from space 30720K, 99% used [0x00000000e0000000,0x00000000e1dc0a68,0x00000000e1e00000)
  to   space 42496K, 0% used [0x00000000e2580000,0x00000000e2580000,0x00000000e4f00000)
 ParOldGen       total 199168K, used 41117K [0x0000000080000000, 0x000000008c280000, 0x00000000d5580000)
  object space 199168K, 20% used [0x0000000080000000,0x0000000082827668,0x000000008c280000)
 Metaspace       used 64831K, capacity 66306K, committed 66560K, reserved 1105920K
  class space    used 8644K, capacity 9103K, committed 9216K, reserved 1048576K
Event: 725.867 GC heap after
Heap after GC invocations=19 (full 3):
 PSYoungGen      total 206848K, used 29547K [0x00000000d5580000, 0x00000000e4d00000, 0x0000000100000000)
  eden space 166400K, 0% used [0x00000000d5580000,0x00000000d5580000,0x00000000df800000)
  from space 40448K, 73% used [0x00000000e2580000,0x00000000e425aeb8,0x00000000e4d00000)
  to   space 43520K, 0% used [0x00000000df800000,0x00000000df800000,0x00000000e2280000)
 ParOldGen       total 199168K, used 41117K [0x0000000080000000, 0x000000008c280000, 0x00000000d5580000)
  object space 199168K, 20% used [0x0000000080000000,0x0000000082827668,0x000000008c280000)
 Metaspace       used 64831K, capacity 66306K, committed 66560K, reserved 1105920K
  class space    used 8644K, capacity 9103K, committed 9216K, reserved 1048576K
}
Event: 727.346 GC heap before
{Heap before GC invocations=20 (full 3):
 PSYoungGen      total 206848K, used 195947K [0x00000000d5580000, 0x00000000e4d00000, 0x0000000100000000)
  eden space 166400K, 100% used [0x00000000d5580000,0x00000000df800000,0x00000000df800000)
  from space 40448K, 73% used [0x00000000e2580000,0x00000000e425aeb8,0x00000000e4d00000)
  to   space 43520K, 0% used [0x00000000df800000,0x00000000df800000,0x00000000e2280000)
 ParOldGen       total 199168K, used 41117K [0x0000000080000000, 0x000000008c280000, 0x00000000d5580000)
  object space 199168K, 20% used [0x0000000080000000,0x0000000082827668,0x000000008c280000)
 Metaspace       used 67341K, capacity 68848K, committed 69120K, reserved 1110016K
  class space    used 8922K, capacity 9397K, committed 9472K, reserved 1048576K
Event: 727.360 GC heap after
Heap after GC invocations=20 (full 3):
 PSYoungGen      total 196096K, used 33256K [0x00000000d5580000, 0x00000000e4e80000, 0x0000000100000000)
  eden space 162816K, 0% used [0x00000000d5580000,0x00000000d5580000,0x00000000df480000)
  from space 33280K, 99% used [0x00000000df800000,0x00000000e187a3c0,0x00000000e1880000)
  to   space 46080K, 0% used [0x00000000e2180000,0x00000000e2180000,0x00000000e4e80000)
 ParOldGen       total 199168K, used 41125K [0x0000000080000000, 0x000000008c280000, 0x00000000d5580000)
  object space 199168K, 20% used [0x0000000080000000,0x0000000082829668,0x000000008c280000)
 Metaspace       used 67341K, capacity 68848K, committed 69120K, reserved 1110016K
  class space    used 8922K, capacity 9397K, committed 9472K, reserved 1048576K
}
Event: 727.981 GC heap before
{Heap before GC invocations=21 (full 3):
 PSYoungGen      total 196096K, used 196072K [0x00000000d5580000, 0x00000000e4e80000, 0x0000000100000000)
  eden space 162816K, 100% used [0x00000000d5580000,0x00000000df480000,0x00000000df480000)
  from space 33280K, 99% used [0x00000000df800000,0x00000000e187a3c0,0x00000000e1880000)
  to   space 46080K, 0% used [0x00000000e2180000,0x00000000e2180000,0x00000000e4e80000)
 ParOldGen       total 199168K, used 41125K [0x0000000080000000, 0x000000008c280000, 0x00000000d5580000)
  object space 199168K, 20% used [0x0000000080000000,0x0000000082829668,0x000000008c280000)
 Metaspace       used 72099K, capacity 73674K, committed 73856K, reserved 1114112K
  class space    used 9360K, capacity 9853K, committed 9856K, reserved 1048576K
Event: 727.997 GC heap after
Heap after GC invocations=21 (full 3):
 PSYoungGen      total 202240K, used 46073K [0x00000000d5580000, 0x00000000e6e00000, 0x0000000100000000)
  eden space 156160K, 0% used [0x00000000d5580000,0x00000000d5580000,0x00000000dee00000)
  from space 46080K, 99% used [0x00000000e2180000,0x00000000e4e7e758,0x00000000e4e80000)
  to   space 52736K, 0% used [0x00000000dee00000,0x00000000dee00000,0x00000000e2180000)
 ParOldGen       total 199168K, used 41856K [0x0000000080000000, 0x000000008c280000, 0x00000000d5580000)
  object space 199168K, 21% used [0x0000000080000000,0x00000000828e01f0,0x000000008c280000)
 Metaspace       used 72099K, capacity 73674K, committed 73856K, reserved 1114112K
  class space    used 9360K, capacity 9853K, committed 9856K, reserved 1048576K
}
Event: 729.430 GC heap before
{Heap before GC invocations=22 (full 3):
 PSYoungGen      total 202240K, used 202233K [0x00000000d5580000, 0x00000000e6e00000, 0x0000000100000000)
  eden space 156160K, 100% used [0x00000000d5580000,0x00000000dee00000,0x00000000dee00000)
  from space 46080K, 99% used [0x00000000e2180000,0x00000000e4e7e758,0x00000000e4e80000)
  to   space 52736K, 0% used [0x00000000dee00000,0x00000000dee00000,0x00000000e2180000)
 ParOldGen       total 199168K, used 41856K [0x0000000080000000, 0x000000008c280000, 0x00000000d5580000)
  object space 199168K, 21% used [0x0000000080000000,0x00000000828e01f0,0x000000008c280000)
 Metaspace       used 75511K, capacity 77034K, committed 77184K, reserved 1116160K
  class space    used 9528K, capacity 10013K, committed 10112K, reserved 1048576K

